<?xml version="1.0" encoding="UTF-8"?>
<!-- Generated by org.testng.reporters.JUnitReportReporter -->
<testsuite hostname="Sunil-Kumar" failures="0" tests="1" name="testCases.TC001_AccountRegistrationTest" time="4.432" errors="0" timestamp="2025-04-26T18:32:47 PKT" skipped="0">
  <testcase classname="testCases.TC001_AccountRegistrationTest" name="verify_account_registation" time="4.432"/>
</testsuite> <!-- testCases.TC001_AccountRegistrationTest -->
