<?xml version="1.0" encoding="UTF-8"?>
<!-- Generated by org.testng.reporters.JUnitReportReporter -->
<testsuite hostname="Sunil-Kumar" failures="0" tests="2" name="testCases.TC001_AccountRegistrationTest" time="9.952" errors="0" timestamp="2025-04-26T14:50:30 PKT" skipped="0">
  <testcase classname="testCases.TC001_AccountRegistrationTest" name="verify_account_registation" time="5.408"/>
  <testcase classname="testCases.TC001_AccountRegistrationTest" name="verify_account_registation" time="4.544"/>
</testsuite> <!-- testCases.TC001_AccountRegistrationTest -->
