<?xml version="1.0" encoding="UTF-8"?>
<!-- Generated by org.testng.reporters.JUnitReportReporter -->
<testsuite hostname="Sunil-Kumar" failures="0" tests="1" name="testCases.TC002_LoginTest" time="2.369" errors="0" timestamp="2025-04-26T18:32:47 PKT" skipped="0">
  <testcase classname="testCases.TC002_LoginTest" name="verify_login" time="2.369"/>
</testsuite> <!-- testCases.TC002_LoginTest -->
