<?xml version="1.0" encoding="UTF-8"?>
<!-- Generated by org.testng.reporters.JUnitReportReporter -->
<testsuite hostname="Sunil-Kumar" failures="0" tests="2" name="testCases.TC002_LoginTest" time="6.267" errors="0" timestamp="2025-04-26T14:50:30 PKT" skipped="0">
  <testcase classname="testCases.TC002_LoginTest" name="verify_login" time="2.955"/>
  <testcase classname="testCases.TC002_LoginTest" name="verify_login" time="3.312"/>
</testsuite> <!-- testCases.TC002_LoginTest -->
